<?xml version="1.0" encoding="UTF-8"?>
<!-- Generated by org.testng.reporters.JUnitReportReporter -->
<testsuite skipped="0" hostname="Ujwals-MBP.fios-router.home" name="example.NewTest" tests="1" failures="0" timestamp="04 Apr 2018 06:04:51 GMT" time="1.478" errors="0">
  <testcase name="testEasy" time="1.478" classname="example.NewTest"/>
</testsuite> <!-- example.NewTest -->
